<?xml version="1.0" encoding="UTF-8"?>
<testng-results ignored="0" total="19" passed="16" failed="2" skipped="1">
  <reporter-output>
  </reporter-output>
  <suite started-at="2021-06-28T16:55:49 IST" name="Practice testng Suite" finished-at="2021-06-28T16:56:41 IST" duration-ms="52312">
    <groups>
      <group name="test">
        <method signature="googleTest.test1()[pri:4, instance:testng.googleTest@45018215]" name="test1" class="testng.googleTest"/>
        <method signature="googleTest.test2()[pri:5, instance:testng.googleTest@45018215]" name="test2" class="testng.googleTest"/>
      </group> <!-- test -->
      <group name="logo">
        <method signature="googleTest.googlelogo()[pri:3, instance:testng.googleTest@45018215]" name="googlelogo" class="testng.googleTest"/>
      </group> <!-- logo -->
      <group name="linktext">
        <method signature="googleTest.googlelinktext()[pri:2, instance:testng.googleTest@45018215]" name="googlelinktext" class="testng.googleTest"/>
      </group> <!-- linktext -->
      <group name="title">
        <method signature="googleTest.googletitletest()[pri:1, instance:testng.googleTest@45018215]" name="googletitletest" class="testng.googleTest"/>
      </group> <!-- title -->
    </groups>
    <test started-at="2021-06-28T16:55:49 IST" name="Test" finished-at="2021-06-28T16:56:41 IST" duration-ms="52312">
      <class name="testng.testngfeatures">
        <test-method signature="loginTest()[pri:0, instance:testng.testngfeatures@65d6b83b]" started-at="2021-06-28T16:56:41 IST" name="loginTest" finished-at="2021-06-28T16:56:41 IST" duration-ms="2" status="FAIL">
          <exception class="java.lang.ArithmeticException">
            <message>
              <![CDATA[/ by zero]]>
            </message>
            <full-stacktrace>
              <![CDATA[java.lang.ArithmeticException: / by zero
at testng.testngfeatures.loginTest(testngfeatures.java:11)
at java.base/jdk.internal.reflect.NativeMethodAccessorImpl.invoke0(Native Method)
at java.base/jdk.internal.reflect.NativeMethodAccessorImpl.invoke(NativeMethodAccessorImpl.java:62)
at java.base/jdk.internal.reflect.DelegatingMethodAccessorImpl.invoke(DelegatingMethodAccessorImpl.java:43)
at java.base/java.lang.reflect.Method.invoke(Method.java:564)
at org.testng.internal.MethodInvocationHelper.invokeMethod(MethodInvocationHelper.java:132)
at org.testng.internal.TestInvoker.invokeMethod(TestInvoker.java:599)
at org.testng.internal.TestInvoker.invokeTestMethod(TestInvoker.java:174)
at org.testng.internal.MethodRunner.runInSequence(MethodRunner.java:46)
at org.testng.internal.TestInvoker$MethodInvocationAgent.invoke(TestInvoker.java:822)
at org.testng.internal.TestInvoker.invokeTestMethods(TestInvoker.java:147)
at org.testng.internal.TestMethodWorker.invokeTestMethods(TestMethodWorker.java:146)
at org.testng.internal.TestMethodWorker.run(TestMethodWorker.java:128)
at java.base/java.util.ArrayList.forEach(ArrayList.java:1511)
at org.testng.TestRunner.privateRun(TestRunner.java:764)
at org.testng.TestRunner.run(TestRunner.java:585)
at org.testng.SuiteRunner.runTest(SuiteRunner.java:384)
at org.testng.SuiteRunner.runSequentially(SuiteRunner.java:378)
at org.testng.SuiteRunner.privateRun(SuiteRunner.java:337)
at org.testng.SuiteRunner.run(SuiteRunner.java:286)
at org.testng.SuiteRunnerWorker.runSuite(SuiteRunnerWorker.java:53)
at org.testng.SuiteRunnerWorker.run(SuiteRunnerWorker.java:96)
at org.testng.TestNG.runSuitesSequentially(TestNG.java:1218)
at org.testng.TestNG.runSuitesLocally(TestNG.java:1140)
at org.testng.TestNG.runSuites(TestNG.java:1069)
at org.testng.TestNG.run(TestNG.java:1037)
at org.testng.remote.AbstractRemoteTestNG.run(AbstractRemoteTestNG.java:115)
at org.testng.remote.RemoteTestNG.initAndRun(RemoteTestNG.java:251)
at org.testng.remote.RemoteTestNG.main(RemoteTestNG.java:77)
]]>
            </full-stacktrace>
          </exception> <!-- java.lang.ArithmeticException -->
          <reporter-output>
          </reporter-output>
        </test-method> <!-- loginTest -->
        <test-method signature="homepageTest()[pri:0, instance:testng.testngfeatures@65d6b83b]" started-at="2021-06-28T16:56:41 IST" name="homepageTest" finished-at="2021-06-28T16:56:41 IST" depends-on-methods="testng.testngfeatures.loginTest" duration-ms="0" status="SKIP">
          <exception class="java.lang.Throwable">
            <message>
              <![CDATA[Method testngfeatures.homepageTest()[pri:0, instance:testng.testngfeatures@65d6b83b] depends on not successfully finished methods]]>
            </message>
            <full-stacktrace>
              <![CDATA[java.lang.Throwable: Method testngfeatures.homepageTest()[pri:0, instance:testng.testngfeatures@65d6b83b] depends on not successfully finished methods
at org.testng.internal.TestInvoker.invokeTestMethods(TestInvoker.java:102)
at org.testng.internal.TestMethodWorker.invokeTestMethods(TestMethodWorker.java:146)
at org.testng.internal.TestMethodWorker.run(TestMethodWorker.java:128)
at java.base/java.util.ArrayList.forEach(ArrayList.java:1511)
at org.testng.TestRunner.privateRun(TestRunner.java:764)
at org.testng.TestRunner.run(TestRunner.java:585)
at org.testng.SuiteRunner.runTest(SuiteRunner.java:384)
at org.testng.SuiteRunner.runSequentially(SuiteRunner.java:378)
at org.testng.SuiteRunner.privateRun(SuiteRunner.java:337)
at org.testng.SuiteRunner.run(SuiteRunner.java:286)
at org.testng.SuiteRunnerWorker.runSuite(SuiteRunnerWorker.java:53)
at org.testng.SuiteRunnerWorker.run(SuiteRunnerWorker.java:96)
at org.testng.TestNG.runSuitesSequentially(TestNG.java:1218)
at org.testng.TestNG.runSuitesLocally(TestNG.java:1140)
at org.testng.TestNG.runSuites(TestNG.java:1069)
at org.testng.TestNG.run(TestNG.java:1037)
at org.testng.remote.AbstractRemoteTestNG.run(AbstractRemoteTestNG.java:115)
at org.testng.remote.RemoteTestNG.initAndRun(RemoteTestNG.java:251)
at org.testng.remote.RemoteTestNG.main(RemoteTestNG.java:77)
]]>
            </full-stacktrace>
          </exception> <!-- java.lang.Throwable -->
          <reporter-output>
          </reporter-output>
        </test-method> <!-- homepageTest -->
        <test-method signature="searchpageTest()[pri:0, instance:testng.testngfeatures@65d6b83b]" started-at="2021-06-28T16:56:41 IST" name="searchpageTest" finished-at="2021-06-28T16:56:41 IST" duration-ms="5" status="PASS">
          <reporter-output>
          </reporter-output>
        </test-method> <!-- searchpageTest -->
      </class> <!-- testng.testngfeatures -->
      <class name="testng.googleTest">
        <test-method is-config="true" signature="setUp()[pri:0, instance:testng.googleTest@45018215]" started-at="2021-06-28T16:55:49 IST" name="setUp" finished-at="2021-06-28T16:56:00 IST" duration-ms="10770" status="PASS">
          <reporter-output>
          </reporter-output>
        </test-method> <!-- setUp -->
        <test-method signature="googletitletest()[pri:1, instance:testng.googleTest@45018215]" started-at="2021-06-28T16:56:00 IST" name="googletitletest" finished-at="2021-06-28T16:56:00 IST" duration-ms="37" status="FAIL">
          <exception class="java.lang.AssertionError">
            <message>
              <![CDATA[Google expected:<Google> but was:<title is not matched>]]>
            </message>
            <full-stacktrace>
              <![CDATA[java.lang.AssertionError: Google expected:<Google> but was:<title is not matched>
at org.testng.AssertJUnit.assertEquals(AssertJUnit.java:115)
at testng.googleTest.googletitletest(googleTest.java:37)
at java.base/jdk.internal.reflect.NativeMethodAccessorImpl.invoke0(Native Method)
at java.base/jdk.internal.reflect.NativeMethodAccessorImpl.invoke(NativeMethodAccessorImpl.java:62)
at java.base/jdk.internal.reflect.DelegatingMethodAccessorImpl.invoke(DelegatingMethodAccessorImpl.java:43)
at java.base/java.lang.reflect.Method.invoke(Method.java:564)
at org.testng.internal.MethodInvocationHelper.invokeMethod(MethodInvocationHelper.java:132)
at org.testng.internal.TestInvoker.invokeMethod(TestInvoker.java:599)
at org.testng.internal.TestInvoker.invokeTestMethod(TestInvoker.java:174)
at org.testng.internal.MethodRunner.runInSequence(MethodRunner.java:46)
at org.testng.internal.TestInvoker$MethodInvocationAgent.invoke(TestInvoker.java:822)
at org.testng.internal.TestInvoker.invokeTestMethods(TestInvoker.java:147)
at org.testng.internal.TestMethodWorker.invokeTestMethods(TestMethodWorker.java:146)
at org.testng.internal.TestMethodWorker.run(TestMethodWorker.java:128)
at java.base/java.util.ArrayList.forEach(ArrayList.java:1511)
at org.testng.TestRunner.privateRun(TestRunner.java:764)
at org.testng.TestRunner.run(TestRunner.java:585)
at org.testng.SuiteRunner.runTest(SuiteRunner.java:384)
at org.testng.SuiteRunner.runSequentially(SuiteRunner.java:378)
at org.testng.SuiteRunner.privateRun(SuiteRunner.java:337)
at org.testng.SuiteRunner.run(SuiteRunner.java:286)
at org.testng.SuiteRunnerWorker.runSuite(SuiteRunnerWorker.java:53)
at org.testng.SuiteRunnerWorker.run(SuiteRunnerWorker.java:96)
at org.testng.TestNG.runSuitesSequentially(TestNG.java:1218)
at org.testng.TestNG.runSuitesLocally(TestNG.java:1140)
at org.testng.TestNG.runSuites(TestNG.java:1069)
at org.testng.TestNG.run(TestNG.java:1037)
at org.testng.remote.AbstractRemoteTestNG.run(AbstractRemoteTestNG.java:115)
at org.testng.remote.RemoteTestNG.initAndRun(RemoteTestNG.java:251)
at org.testng.remote.RemoteTestNG.main(RemoteTestNG.java:77)
]]>
            </full-stacktrace>
          </exception> <!-- java.lang.AssertionError -->
          <reporter-output>
          </reporter-output>
        </test-method> <!-- googletitletest -->
        <test-method is-config="true" signature="tearDown()[pri:0, instance:testng.googleTest@45018215]" started-at="2021-06-28T16:56:00 IST" name="tearDown" finished-at="2021-06-28T16:56:01 IST" duration-ms="1667" status="PASS">
          <reporter-output>
          </reporter-output>
        </test-method> <!-- tearDown -->
        <test-method is-config="true" signature="setUp()[pri:0, instance:testng.googleTest@45018215]" started-at="2021-06-28T16:56:01 IST" name="setUp" finished-at="2021-06-28T16:56:10 IST" duration-ms="8265" status="PASS">
          <reporter-output>
          </reporter-output>
        </test-method> <!-- setUp -->
        <test-method signature="googlelinktext()[pri:2, instance:testng.googleTest@45018215]" started-at="2021-06-28T16:56:10 IST" name="googlelinktext" finished-at="2021-06-28T16:56:10 IST" duration-ms="175" status="PASS">
          <reporter-output>
          </reporter-output>
        </test-method> <!-- googlelinktext -->
        <test-method is-config="true" signature="tearDown()[pri:0, instance:testng.googleTest@45018215]" started-at="2021-06-28T16:56:10 IST" name="tearDown" finished-at="2021-06-28T16:56:12 IST" duration-ms="1640" status="PASS">
          <reporter-output>
          </reporter-output>
        </test-method> <!-- tearDown -->
        <test-method is-config="true" signature="setUp()[pri:0, instance:testng.googleTest@45018215]" started-at="2021-06-28T16:56:12 IST" name="setUp" finished-at="2021-06-28T16:56:20 IST" duration-ms="8685" status="PASS">
          <reporter-output>
          </reporter-output>
        </test-method> <!-- setUp -->
        <test-method signature="googlelogo()[pri:3, instance:testng.googleTest@45018215]" started-at="2021-06-28T16:56:20 IST" name="googlelogo" finished-at="2021-06-28T16:56:20 IST" duration-ms="93" status="PASS">
          <reporter-output>
          </reporter-output>
        </test-method> <!-- googlelogo -->
        <test-method is-config="true" signature="tearDown()[pri:0, instance:testng.googleTest@45018215]" started-at="2021-06-28T16:56:20 IST" name="tearDown" finished-at="2021-06-28T16:56:22 IST" duration-ms="1564" status="PASS">
          <reporter-output>
          </reporter-output>
        </test-method> <!-- tearDown -->
        <test-method is-config="true" signature="setUp()[pri:0, instance:testng.googleTest@45018215]" started-at="2021-06-28T16:56:22 IST" name="setUp" finished-at="2021-06-28T16:56:30 IST" duration-ms="8254" status="PASS">
          <reporter-output>
          </reporter-output>
        </test-method> <!-- setUp -->
        <test-method signature="test1()[pri:4, instance:testng.googleTest@45018215]" started-at="2021-06-28T16:56:30 IST" name="test1" finished-at="2021-06-28T16:56:30 IST" duration-ms="3" status="PASS">
          <reporter-output>
          </reporter-output>
        </test-method> <!-- test1 -->
        <test-method is-config="true" signature="tearDown()[pri:0, instance:testng.googleTest@45018215]" started-at="2021-06-28T16:56:30 IST" name="tearDown" finished-at="2021-06-28T16:56:32 IST" duration-ms="1381" status="PASS">
          <reporter-output>
          </reporter-output>
        </test-method> <!-- tearDown -->
        <test-method is-config="true" signature="setUp()[pri:0, instance:testng.googleTest@45018215]" started-at="2021-06-28T16:56:32 IST" name="setUp" finished-at="2021-06-28T16:56:40 IST" duration-ms="8202" status="PASS">
          <reporter-output>
          </reporter-output>
        </test-method> <!-- setUp -->
        <test-method signature="test2()[pri:5, instance:testng.googleTest@45018215]" started-at="2021-06-28T16:56:40 IST" name="test2" finished-at="2021-06-28T16:56:40 IST" duration-ms="2" status="PASS">
          <reporter-output>
          </reporter-output>
        </test-method> <!-- test2 -->
        <test-method is-config="true" signature="tearDown()[pri:0, instance:testng.googleTest@45018215]" started-at="2021-06-28T16:56:40 IST" name="tearDown" finished-at="2021-06-28T16:56:41 IST" duration-ms="1452" status="PASS">
          <reporter-output>
          </reporter-output>
        </test-method> <!-- tearDown -->
      </class> <!-- testng.googleTest -->
      <class name="testng.testngbasics">
        <test-method is-config="true" signature="setup()[pri:0, instance:testng.testngbasics@7219ec67]" started-at="2021-06-28T16:55:49 IST" name="setup" finished-at="2021-06-28T16:55:49 IST" duration-ms="12" status="PASS">
          <reporter-output>
          </reporter-output>
        </test-method> <!-- setup -->
        <test-method is-config="true" signature="login()[pri:0, instance:testng.testngbasics@7219ec67]" started-at="2021-06-28T16:55:49 IST" name="login" finished-at="2021-06-28T16:55:49 IST" duration-ms="1" status="PASS">
          <reporter-output>
          </reporter-output>
        </test-method> <!-- login -->
        <test-method is-config="true" signature="launchBrower()[pri:0, instance:testng.testngbasics@7219ec67]" started-at="2021-06-28T16:56:41 IST" name="launchBrower" finished-at="2021-06-28T16:56:41 IST" duration-ms="0" status="PASS">
          <reporter-output>
          </reporter-output>
        </test-method> <!-- launchBrower -->
        <test-method is-config="true" signature="enterUrl()[pri:0, instance:testng.testngbasics@7219ec67]" started-at="2021-06-28T16:56:41 IST" name="enterUrl" finished-at="2021-06-28T16:56:41 IST" duration-ms="1" status="PASS">
          <reporter-output>
          </reporter-output>
        </test-method> <!-- enterUrl -->
        <test-method signature="googletitletest()[pri:0, instance:testng.testngbasics@7219ec67]" started-at="2021-06-28T16:56:41 IST" name="googletitletest" finished-at="2021-06-28T16:56:41 IST" duration-ms="3" status="PASS">
          <reporter-output>
          </reporter-output>
        </test-method> <!-- googletitletest -->
        <test-method is-config="true" signature="logout()[pri:0, instance:testng.testngbasics@7219ec67]" started-at="2021-06-28T16:56:41 IST" name="logout" finished-at="2021-06-28T16:56:41 IST" duration-ms="0" status="PASS">
          <reporter-output>
          </reporter-output>
        </test-method> <!-- logout -->
        <test-method signature="searchtest()[pri:0, instance:testng.testngbasics@7219ec67]" started-at="2021-06-28T16:56:41 IST" name="searchtest" finished-at="2021-06-28T16:56:41 IST" duration-ms="1" status="PASS">
          <reporter-output>
          </reporter-output>
        </test-method> <!-- searchtest -->
        <test-method is-config="true" signature="enterUrl()[pri:0, instance:testng.testngbasics@7219ec67]" started-at="2021-06-28T16:56:41 IST" name="enterUrl" finished-at="2021-06-28T16:56:41 IST" duration-ms="0" status="PASS">
          <reporter-output>
          </reporter-output>
        </test-method> <!-- enterUrl -->
        <test-method is-config="true" signature="logout()[pri:0, instance:testng.testngbasics@7219ec67]" started-at="2021-06-28T16:56:41 IST" name="logout" finished-at="2021-06-28T16:56:41 IST" duration-ms="0" status="PASS">
          <reporter-output>
          </reporter-output>
        </test-method> <!-- logout -->
        <test-method is-config="true" signature="closeBrower()[pri:0, instance:testng.testngbasics@7219ec67]" started-at="2021-06-28T16:56:41 IST" name="closeBrower" finished-at="2021-06-28T16:56:41 IST" duration-ms="0" status="PASS">
          <reporter-output>
          </reporter-output>
        </test-method> <!-- closeBrower -->
        <test-method is-config="true" signature="deleteallcookies()[pri:0, instance:testng.testngbasics@7219ec67]" started-at="2021-06-28T16:56:41 IST" name="deleteallcookies" finished-at="2021-06-28T16:56:41 IST" duration-ms="0" status="PASS">
          <reporter-output>
          </reporter-output>
        </test-method> <!-- deleteallcookies -->
        <test-method is-config="true" signature="generateTestReport()[pri:0, instance:testng.testngbasics@7219ec67]" started-at="2021-06-28T16:56:41 IST" name="generateTestReport" finished-at="2021-06-28T16:56:41 IST" duration-ms="1" status="PASS">
          <reporter-output>
          </reporter-output>
        </test-method> <!-- generateTestReport -->
      </class> <!-- testng.testngbasics -->
      <class name="testng.invocationcountTest">
        <test-method signature="sum()[pri:0, instance:testng.invocationcountTest@d706f19]" started-at="2021-06-28T16:56:41 IST" name="sum" finished-at="2021-06-28T16:56:41 IST" duration-ms="1" status="PASS">
          <reporter-output>
          </reporter-output>
        </test-method> <!-- sum -->
        <test-method signature="sum()[pri:0, instance:testng.invocationcountTest@d706f19]" started-at="2021-06-28T16:56:41 IST" name="sum" finished-at="2021-06-28T16:56:41 IST" duration-ms="2" status="PASS">
          <reporter-output>
          </reporter-output>
        </test-method> <!-- sum -->
        <test-method signature="sum()[pri:0, instance:testng.invocationcountTest@d706f19]" started-at="2021-06-28T16:56:41 IST" name="sum" finished-at="2021-06-28T16:56:41 IST" duration-ms="2" status="PASS">
          <reporter-output>
          </reporter-output>
        </test-method> <!-- sum -->
        <test-method signature="sum()[pri:0, instance:testng.invocationcountTest@d706f19]" started-at="2021-06-28T16:56:41 IST" name="sum" finished-at="2021-06-28T16:56:41 IST" duration-ms="1" status="PASS">
          <reporter-output>
          </reporter-output>
        </test-method> <!-- sum -->
        <test-method signature="sum()[pri:0, instance:testng.invocationcountTest@d706f19]" started-at="2021-06-28T16:56:41 IST" name="sum" finished-at="2021-06-28T16:56:41 IST" duration-ms="2" status="PASS">
          <reporter-output>
          </reporter-output>
        </test-method> <!-- sum -->
        <test-method signature="sum()[pri:0, instance:testng.invocationcountTest@d706f19]" started-at="2021-06-28T16:56:41 IST" name="sum" finished-at="2021-06-28T16:56:41 IST" duration-ms="1" status="PASS">
          <reporter-output>
          </reporter-output>
        </test-method> <!-- sum -->
        <test-method signature="sum()[pri:0, instance:testng.invocationcountTest@d706f19]" started-at="2021-06-28T16:56:41 IST" name="sum" finished-at="2021-06-28T16:56:41 IST" duration-ms="1" status="PASS">
          <reporter-output>
          </reporter-output>
        </test-method> <!-- sum -->
        <test-method signature="sum()[pri:0, instance:testng.invocationcountTest@d706f19]" started-at="2021-06-28T16:56:41 IST" name="sum" finished-at="2021-06-28T16:56:41 IST" duration-ms="2" status="PASS">
          <reporter-output>
          </reporter-output>
        </test-method> <!-- sum -->
        <test-method signature="sum()[pri:0, instance:testng.invocationcountTest@d706f19]" started-at="2021-06-28T16:56:41 IST" name="sum" finished-at="2021-06-28T16:56:41 IST" duration-ms="1" status="PASS">
          <reporter-output>
          </reporter-output>
        </test-method> <!-- sum -->
      </class> <!-- testng.invocationcountTest -->
    </test> <!-- Test -->
  </suite> <!-- Practice testng Suite -->
</testng-results>
