<?xml version="1.0" encoding="UTF-8"?>
<!-- Generated by org.testng.reporters.JUnitXMLReporter -->
<testsuite ignored="0" hostname="DESKTOP-MUMMMVL" failures="2" tests="19" name="Test" time="52.312" errors="0" timestamp="2021-06-28T16:56:41 IST">
  <testcase classname="testng.googleTest" name="googletitletest" time="0.037">
    <failure type="java.lang.AssertionError" message="Google expected:&amp;lt;Google&amp;gt; but was:&amp;lt;title is not matched&amp;gt;">
      <![CDATA[java.lang.AssertionError: Google expected:<Google> but was:<title is not matched>
at testng.googleTest.googletitletest(googleTest.java:37)
at java.base/java.util.ArrayList.forEach(ArrayList.java:1511)
... Removed 28 stack frames]]>
    </failure>
  </testcase> <!-- googletitletest -->
  <testcase classname="testng.googleTest" name="googlelinktext" time="0.175"/>
  <testcase classname="testng.googleTest" name="googlelogo" time="0.093"/>
  <testcase classname="testng.googleTest" name="test1" time="0.003"/>
  <testcase classname="testng.googleTest" name="test2" time="0.002"/>
  <testcase classname="testng.testngfeatures" name="loginTest" time="0.002">
    <failure type="java.lang.ArithmeticException" message="/ by zero">
      <![CDATA[java.lang.ArithmeticException: / by zero
at testng.testngfeatures.loginTest(testngfeatures.java:11)
at java.base/java.util.ArrayList.forEach(ArrayList.java:1511)
... Removed 27 stack frames]]>
    </failure>
  </testcase> <!-- loginTest -->
  <testcase classname="testng.testngfeatures" name="homepageTest" time="0.0">
    <skipped/>
  </testcase> <!-- homepageTest -->
  <testcase classname="testng.testngfeatures" name="searchpageTest" time="0.005"/>
  <testcase classname="testng.testngbasics" name="googletitletest" time="0.003"/>
  <testcase classname="testng.testngbasics" name="searchtest" time="0.001"/>
  <testcase classname="testng.invocationcountTest" name="sum" time="0.001"/>
  <testcase classname="testng.invocationcountTest" name="sum" time="0.002"/>
  <testcase classname="testng.invocationcountTest" name="sum" time="0.002"/>
  <testcase classname="testng.invocationcountTest" name="sum" time="0.001"/>
  <testcase classname="testng.invocationcountTest" name="sum" time="0.002"/>
  <testcase classname="testng.invocationcountTest" name="sum" time="0.001"/>
  <testcase classname="testng.invocationcountTest" name="sum" time="0.001"/>
  <testcase classname="testng.invocationcountTest" name="sum" time="0.002"/>
  <testcase classname="testng.invocationcountTest" name="sum" time="0.001"/>
</testsuite> <!-- Test -->
